[debug] [2023-10-30T23:40:09.773Z] ----------------------------------------------------------------------
[debug] [2023-10-30T23:40:09.774Z] Command:       /usr/local/bin/firebase /Users/mikeiannotti/.cache/firebase/tools/lib/node_modules/firebase-tools/lib/bin/firebase init
[debug] [2023-10-30T23:40:09.775Z] CLI Version:   11.21.0
[debug] [2023-10-30T23:40:09.775Z] Platform:      darwin
[debug] [2023-10-30T23:40:09.775Z] Node Version:  v16.16.0
[debug] [2023-10-30T23:40:09.777Z] Time:          Mon Oct 30 2023 18:40:09 GMT-0500 (Central Daylight Time)
[debug] [2023-10-30T23:40:09.777Z] ----------------------------------------------------------------------
[debug] 
[debug] [2023-10-30T23:40:09.790Z] > command requires scopes: ["email","openid","https://www.googleapis.com/auth/cloudplatformprojects.readonly","https://www.googleapis.com/auth/firebase","https://www.googleapis.com/auth/cloud-platform"]
[debug] [2023-10-30T23:40:09.791Z] > authorizing via signed-in user (mtiann3@gmail.com)
[info] 
     ######## #### ########  ######## ########     ###     ######  ########
     ##        ##  ##     ## ##       ##     ##  ##   ##  ##       ##
     ######    ##  ########  ######   ########  #########  ######  ######
     ##        ##  ##    ##  ##       ##     ## ##     ##       ## ##
     ##       #### ##     ## ######## ########  ##     ##  ######  ########

You're about to initialize a Firebase project in this directory:

  /Users/mikeiannotti/testapp

[info] 
=== Project Setup
[info] 
[info] First, let's associate this project directory with a Firebase project.
[info] You can create multiple project aliases by running firebase use --add, 
[info] but for now we'll just set up a default project.
[info] 
[debug] [2023-10-30T23:40:28.740Z] > refreshing access token with scopes: []
[debug] [2023-10-30T23:40:28.747Z] >>> [apiv2][query] POST https://www.googleapis.com/oauth2/v3/token [none]
[debug] [2023-10-30T23:40:28.748Z] >>> [apiv2][body] POST https://www.googleapis.com/oauth2/v3/token [omitted]
[debug] [2023-10-30T23:40:29.007Z] <<< [apiv2][status] POST https://www.googleapis.com/oauth2/v3/token 400
[debug] [2023-10-30T23:40:29.008Z] <<< [apiv2][body] POST https://www.googleapis.com/oauth2/v3/token [omitted]
[debug] [2023-10-30T23:40:29.009Z] >>> [apiv2][query] GET https://firebase.googleapis.com/v1beta1/projects pageSize=100
[debug] [2023-10-30T23:40:29.274Z] <<< [apiv2][status] GET https://firebase.googleapis.com/v1beta1/projects 401
[debug] [2023-10-30T23:40:29.275Z] <<< [apiv2][body] GET https://firebase.googleapis.com/v1beta1/projects [omitted]
[debug] [2023-10-30T23:40:29.277Z] HTTP Error: 401, Request had invalid authentication credentials. Expected OAuth 2 access token, login cookie or other valid authentication credential. See https://developers.google.com/identity/sign-in/web/devconsole-project.
[debug] [2023-10-30T23:40:29.439Z] FirebaseError: HTTP Error: 401, Request had invalid authentication credentials. Expected OAuth 2 access token, login cookie or other valid authentication credential. See https://developers.google.com/identity/sign-in/web/devconsole-project.
    at responseToError (/Users/mikeiannotti/.cache/firebase/tools/lib/node_modules/firebase-tools/lib/responseToError.js:49:12)
    at RetryOperation._fn (/Users/mikeiannotti/.cache/firebase/tools/lib/node_modules/firebase-tools/lib/apiv2.js:288:77)
    at processTicksAndRejections (node:internal/process/task_queues:96:5)
[error] 
[error] Error: Failed to list Firebase projects. See firebase-debug.log for more info.
